<?xml version="1.0" encoding="UTF-8"?>
<testng-results ignored="0" total="1" passed="1" failed="0" skipped="0">
  <reporter-output>
  </reporter-output>
  <suite started-at="2026-05-06T23:45:04 EEST" name="Default suite" finished-at="2026-05-06T23:45:42 EEST" duration-ms="37953">
    <groups>
    </groups>
    <test started-at="2026-05-06T23:45:04 EEST" name="Default test" finished-at="2026-05-06T23:45:42 EEST" duration-ms="37953">
      <class name="feidiasantoniouacademy.eCommerce_tc_1">
        <test-method is-config="true" signature="ConfigureAppium()[pri:0, instance:feidiasantoniouacademy.eCommerce_tc_1@5f058f00]" started-at="2026-05-06T23:45:04 EEST" name="ConfigureAppium" finished-at="2026-05-06T23:45:16 EEST" duration-ms="11800" status="PASS">
          <reporter-output>
          </reporter-output>
        </test-method> <!-- ConfigureAppium -->
        <test-method signature="FillForm()[pri:0, instance:feidiasantoniouacademy.eCommerce_tc_1@5f058f00]" started-at="2026-05-06T23:45:16 EEST" name="FillForm" finished-at="2026-05-06T23:45:41 EEST" duration-ms="24798" status="PASS">
          <reporter-output>
          </reporter-output>
        </test-method> <!-- FillForm -->
        <test-method is-config="true" signature="tearDown()[pri:0, instance:feidiasantoniouacademy.eCommerce_tc_1@5f058f00]" started-at="2026-05-06T23:45:41 EEST" name="tearDown" finished-at="2026-05-06T23:45:42 EEST" duration-ms="1282" status="PASS">
          <reporter-output>
          </reporter-output>
        </test-method> <!-- tearDown -->
      </class> <!-- feidiasantoniouacademy.eCommerce_tc_1 -->
    </test> <!-- Default test -->
  </suite> <!-- Default suite -->
</testng-results>
