<?xml version="1.0" encoding="UTF-8"?>
<testng-results ignored="0" total="1" passed="1" failed="0" skipped="0">
  <reporter-output>
  </reporter-output>
  <suite started-at="2026-05-05T22:35:19 EEST" name="Default suite" finished-at="2026-05-05T22:35:36 EEST" duration-ms="17840">
    <groups>
    </groups>
    <test started-at="2026-05-05T22:35:19 EEST" name="Default test" finished-at="2026-05-05T22:35:36 EEST" duration-ms="17840">
      <class name="feidiasantoniouacademy.SwipeDemo">
        <test-method is-config="true" signature="ConfigureAppium()[pri:0, instance:feidiasantoniouacademy.SwipeDemo@55b7a4e0]" started-at="2026-05-05T22:35:19 EEST" name="ConfigureAppium" finished-at="2026-05-05T22:35:29 EEST" duration-ms="9988" status="PASS">
          <reporter-output>
          </reporter-output>
        </test-method> <!-- ConfigureAppium -->
        <test-method signature="SwipeDemoTest()[pri:0, instance:feidiasantoniouacademy.SwipeDemo@55b7a4e0]" started-at="2026-05-05T22:35:29 EEST" name="SwipeDemoTest" finished-at="2026-05-05T22:35:35 EEST" duration-ms="6534" status="PASS">
          <reporter-output>
          </reporter-output>
        </test-method> <!-- SwipeDemoTest -->
        <test-method is-config="true" signature="tearDown()[pri:0, instance:feidiasantoniouacademy.SwipeDemo@55b7a4e0]" started-at="2026-05-05T22:35:35 EEST" name="tearDown" finished-at="2026-05-05T22:35:36 EEST" duration-ms="1192" status="PASS">
          <reporter-output>
          </reporter-output>
        </test-method> <!-- tearDown -->
      </class> <!-- feidiasantoniouacademy.SwipeDemo -->
    </test> <!-- Default test -->
  </suite> <!-- Default suite -->
</testng-results>
