<?xml version="1.0" encoding="UTF-8"?>
<!-- Generated by org.testng.reporters.JUnitReportReporter -->
<testsuite hostname="Feidias1999-Laptop" failures="0" tests="1" name="feidiasantoniouacademy.eCommerce_tc_4_Hybrid" time="40.312" errors="1" timestamp="2026-05-07T23:06:19 EEST" skipped="0">
  <testcase classname="feidiasantoniouacademy.eCommerce_tc_4_Hybrid" name="FillForm" time="40.312">
    <error message="The response to the /status API is not valid: {&quot;build&quot;:{&quot;version&quot;:&quot;alpha&quot;},&quot;os&quot;:{&quot;arch&quot;:&quot;x86_64&quot;,&quot;name&quot;:&quot;Windows NT&quot;,&quot;version&quot;:&quot;10.0.26200&quot;}}
Build info: version: &#039;4.43.0&#039;, revision: &#039;dd0f534&#039;
System info: os.name: &#039;Windows 11&#039;, os.arch: &#039;amd64&#039;, os.version: &#039;10.0&#039;, java.version: &#039;25.0.2&#039;
Driver info: io.appium.java_client.android.AndroidDriver
Command: [3f238eeb-70c7-4ad5-90b5-1661c2be4268, switchToContext {name=WEBVIEW_com.androidsample.generalstore}]
Capabilities {appium:app: C:\Users\feidi\eclipse\Appi..., appium:appActivity: com.androidsample.generalst..., appium:appPackage: com.androidsample.generalstore, appium:automationName: UIAutomator2, appium:chromedriverExecutable: C:\Users\feidi\Documents\ch..., appium:databaseEnabled: false, appium:desired: {app: C:\Users\feidi\eclipse\Appi..., automationName: UIAutomator2, chromedriverExecutable: C:\Users\feidi\Documents\ch..., deviceName: Feidiasemulator, platformName: ANDROID}, appium:deviceApiLevel: 28, appium:deviceManufacturer: Google, appium:deviceModel: AOSP on IA Emulator, appium:deviceName: emulator-5554, appium:deviceScreenDensity: 440, appium:deviceScreenSize: 1080x2220, appium:deviceUDID: emulator-5554, appium:javascriptEnabled: true, appium:locationContextEnabled: false, appium:networkConnectionEnabled: true, appium:pixelRatio: 2.75, appium:platformVersion: 9, appium:statBarHeight: 66, appium:takesScreenshot: true, appium:viewportRect: {height: 2154, left: 0, top: 66, width: 1080}, appium:warnings: {}, appium:webStorageEnabled: false, platformName: ANDROID}
Session ID: 3f238eeb-70c7-4ad5-90b5-1661c2be4268" type="io.appium.java_client.NoSuchContextException">
      <![CDATA[io.appium.java_client.NoSuchContextException: The response to the /status API is not valid: {"build":{"version":"alpha"},"os":{"arch":"x86_64","name":"Windows NT","version":"10.0.26200"}}
Build info: version: '4.43.0', revision: 'dd0f534'
System info: os.name: 'Windows 11', os.arch: 'amd64', os.version: '10.0', java.version: '25.0.2'
Driver info: io.appium.java_client.android.AndroidDriver
Command: [3f238eeb-70c7-4ad5-90b5-1661c2be4268, switchToContext {name=WEBVIEW_com.androidsample.generalstore}]
Capabilities {appium:app: C:\Users\feidi\eclipse\Appi..., appium:appActivity: com.androidsample.generalst..., appium:appPackage: com.androidsample.generalstore, appium:automationName: UIAutomator2, appium:chromedriverExecutable: C:\Users\feidi\Documents\ch..., appium:databaseEnabled: false, appium:desired: {app: C:\Users\feidi\eclipse\Appi..., automationName: UIAutomator2, chromedriverExecutable: C:\Users\feidi\Documents\ch..., deviceName: Feidiasemulator, platformName: ANDROID}, appium:deviceApiLevel: 28, appium:deviceManufacturer: Google, appium:deviceModel: AOSP on IA Emulator, appium:deviceName: emulator-5554, appium:deviceScreenDensity: 440, appium:deviceScreenSize: 1080x2220, appium:deviceUDID: emulator-5554, appium:javascriptEnabled: true, appium:locationContextEnabled: false, appium:networkConnectionEnabled: true, appium:pixelRatio: 2.75, appium:platformVersion: 9, appium:statBarHeight: 66, appium:takesScreenshot: true, appium:viewportRect: {height: 2154, left: 0, top: 66, width: 1080}, appium:warnings: {}, appium:webStorageEnabled: false, platformName: ANDROID}
Session ID: 3f238eeb-70c7-4ad5-90b5-1661c2be4268
at io.appium.java_client.remote.SupportsContextSwitching.context(SupportsContextSwitching.java:47)
at feidiasantoniouacademy.eCommerce_tc_4_Hybrid.FillForm(eCommerce_tc_4_Hybrid.java:64)
at java.base/jdk.internal.reflect.DirectMethodHandleAccessor.invoke(DirectMethodHandleAccessor.java:104)
at java.base/java.lang.reflect.Method.invoke(Method.java:565)
at org.testng.internal.invokers.MethodInvocationHelper.invokeMethod(MethodInvocationHelper.java:141)
at org.testng.internal.invokers.TestInvoker.invokeMethod(TestInvoker.java:687)
at org.testng.internal.invokers.TestInvoker.invokeTestMethod(TestInvoker.java:230)
at org.testng.internal.invokers.MethodRunner.runInSequence(MethodRunner.java:63)
at org.testng.internal.invokers.TestInvoker$MethodInvocationAgent.invoke(TestInvoker.java:995)
at org.testng.internal.invokers.TestInvoker.invokeTestMethods(TestInvoker.java:203)
at org.testng.internal.invokers.TestMethodWorker.invokeTestMethods(TestMethodWorker.java:154)
at org.testng.internal.invokers.TestMethodWorker.run(TestMethodWorker.java:134)
at java.base/java.util.ArrayList.forEach(ArrayList.java:1604)
at org.testng.TestRunner.privateRun(TestRunner.java:741)
at org.testng.TestRunner.run(TestRunner.java:616)
at org.testng.SuiteRunner.runTest(SuiteRunner.java:421)
at org.testng.SuiteRunner.runSequentially(SuiteRunner.java:413)
at org.testng.SuiteRunner.privateRun(SuiteRunner.java:373)
at org.testng.SuiteRunner.run(SuiteRunner.java:312)
at org.testng.SuiteRunnerWorker.runSuite(SuiteRunnerWorker.java:52)
at org.testng.SuiteRunnerWorker.run(SuiteRunnerWorker.java:95)
at org.testng.TestNG.runSuitesSequentially(TestNG.java:1274)
at org.testng.TestNG.runSuitesLocally(TestNG.java:1208)
at org.testng.TestNG.runSuites(TestNG.java:1112)
at org.testng.TestNG.run(TestNG.java:1079)
at org.testng.remote.AbstractRemoteTestNG.run(AbstractRemoteTestNG.java:115)
at org.testng.remote.RemoteTestNG.initAndRun(RemoteTestNG.java:293)
at org.testng.remote.RemoteTestNG.main(RemoteTestNG.java:91)
Caused by: org.openqa.selenium.WebDriverException: The response to the /status API is not valid: {"build":{"version":"alpha"},"os":{"arch":"x86_64","name":"Windows NT","version":"10.0.26200"}}
Build info: version: '4.43.0', revision: 'dd0f534'
System info: os.name: 'Windows 11', os.arch: 'amd64', os.version: '10.0', java.version: '25.0.2'
Driver info: io.appium.java_client.android.AndroidDriver
Command: [3f238eeb-70c7-4ad5-90b5-1661c2be4268, switchToContext {name=WEBVIEW_com.androidsample.generalstore}]
Capabilities {appium:app: C:\Users\feidi\eclipse\Appi..., appium:appActivity: com.androidsample.generalst..., appium:appPackage: com.androidsample.generalstore, appium:automationName: UIAutomator2, appium:chromedriverExecutable: C:\Users\feidi\Documents\ch..., appium:databaseEnabled: false, appium:desired: {app: C:\Users\feidi\eclipse\Appi..., automationName: UIAutomator2, chromedriverExecutable: C:\Users\feidi\Documents\ch..., deviceName: Feidiasemulator, platformName: ANDROID}, appium:deviceApiLevel: 28, appium:deviceManufacturer: Google, appium:deviceModel: AOSP on IA Emulator, appium:deviceName: emulator-5554, appium:deviceScreenDensity: 440, appium:deviceScreenSize: 1080x2220, appium:deviceUDID: emulator-5554, appium:javascriptEnabled: true, appium:locationContextEnabled: false, appium:networkConnectionEnabled: true, appium:pixelRatio: 2.75, appium:platformVersion: 9, appium:statBarHeight: 66, appium:takesScreenshot: true, appium:viewportRect: {height: 2154, left: 0, top: 66, width: 1080}, appium:warnings: {}, appium:webStorageEnabled: false, platformName: ANDROID}
Session ID: 3f238eeb-70c7-4ad5-90b5-1661c2be4268
at org.openqa.selenium.remote.ErrorCodec.decode(ErrorCodec.java:169)
at org.openqa.selenium.remote.codec.w3c.W3CHttpResponseCodec.decode(W3CHttpResponseCodec.java:142)
at org.openqa.selenium.remote.codec.w3c.W3CHttpResponseCodec.decode(W3CHttpResponseCodec.java:49)
at org.openqa.selenium.remote.HttpCommandExecutor.execute(HttpCommandExecutor.java:223)
at io.appium.java_client.remote.AppiumCommandExecutor.execute(AppiumCommandExecutor.java:243)
at org.openqa.selenium.remote.RemoteWebDriver.execute(RemoteWebDriver.java:606)
at org.openqa.selenium.remote.RemoteWebDriver.execute(RemoteWebDriver.java:688)
at io.appium.java_client.AppiumDriver.execute(AppiumDriver.java:225)
at io.appium.java_client.remote.SupportsContextSwitching.context(SupportsContextSwitching.java:44)
... 27 more
]]>
    </error>
  </testcase> <!-- FillForm -->
</testsuite> <!-- feidiasantoniouacademy.eCommerce_tc_4_Hybrid -->
